-------------------------------------------------------------------------------
Test set: com.dummy.myerp.testbusiness.BusinessIntegrationTest
-------------------------------------------------------------------------------
Tests run: 1, Failures: 0, Errors: 1, Skipped: 0, Time elapsed: 3.019 s <<< FAILURE! - in com.dummy.myerp.testbusiness.BusinessIntegrationTest
addReference(com.dummy.myerp.testbusiness.BusinessIntegrationTest)  Time elapsed: 2.161 s  <<< ERROR!
org.springframework.jdbc.CannotGetJdbcConnectionException: Could not get JDBC Connection; nested exception is org.postgresql.util.PSQLException: Connection to localhost:9032 refused. Check that the hostname and port are correct and that the postmaster is accepting TCP/IP connections.
	at com.dummy.myerp.testbusiness.BusinessIntegrationTest.addReference(BusinessIntegrationTest.java:40)
Caused by: org.postgresql.util.PSQLException: Connection to localhost:9032 refused. Check that the hostname and port are correct and that the postmaster is accepting TCP/IP connections.
	at com.dummy.myerp.testbusiness.BusinessIntegrationTest.addReference(BusinessIntegrationTest.java:40)
Caused by: java.net.ConnectException: Connection refused: connect
	at com.dummy.myerp.testbusiness.BusinessIntegrationTest.addReference(BusinessIntegrationTest.java:40)

